<?xml version="1.0" encoding="UTF-8"?>
<testsuite name="com.example.starter.TestMainVerticle" tests="1" skipped="0" failures="0" errors="0" timestamp="2020-02-21T05:55:24" hostname="Admin" time="0.736">
  <properties/>
  <testcase name="verticle_deployed(Vertx, VertxTestContext)" classname="com.example.starter.TestMainVerticle" time="0.736"/>
  <system-out><![CDATA[HTTP server started on port 8888
]]></system-out>
  <system-err><![CDATA[]]></system-err>
</testsuite>
